<?xml version="1.0" encoding="UTF-8"?>
<testng-results skipped="0" failed="0" total="1" passed="1">
  <reporter-output>
  </reporter-output>
  <suite name="Command line suite" duration-ms="74" started-at="2016-03-13T15:41:49Z" finished-at="2016-03-13T15:41:49Z">
    <groups>
    </groups>
    <test name="Command line test" duration-ms="74" started-at="2016-03-13T15:41:49Z" finished-at="2016-03-13T15:41:49Z">
      <class name="com.assignment3.AppTest">
        <test-method status="PASS" signature="testApp()[pri:0, instance:testApp(com.assignment3.AppTest)]" name="testApp" duration-ms="2" started-at="2016-03-13T17:41:49Z" finished-at="2016-03-13T17:41:49Z">
          <reporter-output>
          </reporter-output>
        </test-method> <!-- testApp -->
      </class> <!-- com.assignment3.AppTest -->
    </test> <!-- Command line test -->
  </suite> <!-- Command line suite -->
</testng-results>
